<?xml version="1.0" encoding="UTF-8"?>
<!-- Generated by org.testng.reporters.JUnitReportReporter -->
<testsuite skipped="0" hostname="KALAMSIR-PC" name="mypack.Test2" tests="1" failures="0" timestamp="2021-02-07T08:13:38 IST" time="18.100" errors="0">
  <testcase name="method" time="18.100" classname="mypack.Test2"/>
  <system-out/>
</testsuite> <!-- mypack.Test2 -->
