<?xml version="1.0" encoding="UTF-8"?>
<!-- Generated by org.testng.reporters.JUnitReportReporter -->
<testsuite skipped="0" hostname="KALAMSIR-PC" name="mypack.Test2" tests="4" failures="0" timestamp="2023-03-26T12:06:17 IST" time="110.892" errors="0">
  <testcase name="method" time="27.555" classname="mypack.Test2"/>
  <system-out/>
  <testcase name="method" time="39.058" classname="mypack.Test2"/>
  <system-out/>
  <testcase name="method" time="20.249" classname="mypack.Test2"/>
  <system-out/>
  <testcase name="method" time="24.030" classname="mypack.Test2"/>
  <system-out/>
</testsuite> <!-- mypack.Test2 -->
