<?xml version="1.0" encoding="UTF-8"?>
<!-- Generated by org.testng.reporters.JUnitReportReporter -->
<testsuite skipped="0" hostname="KALAMSIR-PC" name="mypack.Test6" tests="2" failures="0" timestamp="2022-05-08T12:29:46 IST" time="88.584" errors="0">
  <testcase name="method" time="8.240" classname="mypack.Test6"/>
  <system-out/>
  <testcase name="method" time="80.344" classname="mypack.Test6"/>
  <system-out/>
</testsuite> <!-- mypack.Test6 -->
