<?xml version="1.0" encoding="UTF-8"?>
<!-- Generated by org.testng.reporters.JUnitReportReporter -->
<testsuite skipped="0" hostname="KALAMSIR-PC" name="tests.Runner" tests="1" failures="0" timestamp="2023-04-16T12:35:16 IST" time="6.491" errors="0">
  <testcase name="runScenario" time="6.491" classname="tests.Runner"/>
  <system-out/>
</testsuite> <!-- tests.Runner -->
