<?xml version="1.0" encoding="UTF-8"?>
<!-- Generated by org.testng.reporters.JUnitReportReporter -->
<testsuite skipped="0" hostname="KALAMSIR-PC" name="tests.Runner1" tests="2" failures="0" timestamp="2022-12-11T11:24:02 IST" time="16.407" errors="0">
  <testcase name="runScenario" time="6.785" classname="tests.Runner1"/>
  <system-out/>
  <testcase name="runScenario" time="9.622" classname="tests.Runner1"/>
  <system-out/>
</testsuite> <!-- tests.Runner1 -->
