<?xml version="1.0" encoding="UTF-8"?>
<!-- Generated by org.testng.reporters.JUnitReportReporter -->
<testsuite skipped="0" hostname="KALAMSIR-PC" name="tests.Runner" tests="1" failures="0" timestamp="2023-03-12T11:24:03 IST" time="8.249" errors="0">
  <testcase name="runScenario" time="8.249" classname="tests.Runner"/>
  <system-out/>
</testsuite> <!-- tests.Runner -->
